{"C:\\Users\\USER\\Desktop\\course assignment\\src\\config\\index.ts": {"path":"C:\\Users\\USER\\Desktop\\course assignment\\src\\config\\index.ts","statementMap":{"0":{"start":{"line":1,"column":0},"end":{"line":3,"column":null}}},"fnMap":{},"branchMap":{},"s":{"0":1},"f":{},"b":{}}
,"C:\\Users\\USER\\Desktop\\course assignment\\src\\utils\\csvParser.ts": {"path":"C:\\Users\\USER\\Desktop\\course assignment\\src\\utils\\csvParser.ts","statementMap":{"0":{"start":{"line":1,"column":0},"end":{"line":1,"column":20}},"1":{"start":{"line":2,"column":0},"end":{"line":2,"column":30}},"2":{"start":{"line":4,"column":24},"end":{"line":42,"column":1}},"3":{"start":{"line":5,"column":2},"end":{"line":41,"column":5}},"4":{"start":{"line":6,"column":32},"end":{"line":6,"column":34}},"5":{"start":{"line":7,"column":23},"end":{"line":7,"column":75}},"6":{"start":{"line":9,"column":17},"end":{"line":9,"column":19}},"7":{"start":{"line":11,"column":4},"end":{"line":25,"column":7}},"8":{"start":{"line":12,"column":19},"end":{"line":12,"column":78}},"9":{"start":{"line":13,"column":6},"end":{"line":13,"column":21}},"10":{"start":{"line":15,"column":20},"end":{"line":15,"column":38}},"11":{"start":{"line":16,"column":6},"end":{"line":16,"column":33}},"12":{"start":{"line":18,"column":6},"end":{"line":24,"column":7}},"13":{"start":{"line":19,"column":8},"end":{"line":19,"column":41}},"14":{"start":{"line":19,"column":32},"end":{"line":19,"column":41}},"15":{"start":{"line":20,"column":24},"end":{"line":22,"column":65}},"16":{"start":{"line":22,"column":26},"end":{"line":22,"column":64}},"17":{"start":{"line":23,"column":8},"end":{"line":23,"column":30}},"18":{"start":{"line":27,"column":4},"end":{"line":35,"column":7}},"19":{"start":{"line":28,"column":6},"end":{"line":33,"column":7}},"20":{"start":{"line":29,"column":24},"end":{"line":31,"column":65}},"21":{"start":{"line":31,"column":26},"end":{"line":31,"column":64}},"22":{"start":{"line":32,"column":8},"end":{"line":32,"column":30}},"23":{"start":{"line":34,"column":6},"end":{"line":34,"column":23}},"24":{"start":{"line":37,"column":4},"end":{"line":40,"column":7}},"25":{"start":{"line":38,"column":6},"end":{"line":38,"column":61}},"26":{"start":{"line":39,"column":6},"end":{"line":39,"column":20}},"27":{"start":{"line":4,"column":13},"end":{"line":4,"column":24}}},"fnMap":{"0":{"name":"(anonymous_1)","decl":{"start":{"line":4,"column":24},"end":{"line":4,"column":25}},"loc":{"start":{"line":4,"column":66},"end":{"line":42,"column":1}}},"1":{"name":"(anonymous_2)","decl":{"start":{"line":5,"column":21},"end":{"line":5,"column":22}},"loc":{"start":{"line":5,"column":41},"end":{"line":41,"column":3}}},"2":{"name":"(anonymous_3)","decl":{"start":{"line":11,"column":26},"end":{"line":11,"column":27}},"loc":{"start":{"line":11,"column":53},"end":{"line":25,"column":5}}},"3":{"name":"(anonymous_4)","decl":{"start":{"line":22,"column":15},"end":{"line":22,"column":16}},"loc":{"start":{"line":22,"column":26},"end":{"line":22,"column":64}}},"4":{"name":"(anonymous_5)","decl":{"start":{"line":27,"column":25},"end":{"line":27,"column":28}},"loc":{"start":{"line":27,"column":30},"end":{"line":35,"column":5}}},"5":{"name":"(anonymous_6)","decl":{"start":{"line":31,"column":15},"end":{"line":31,"column":16}},"loc":{"start":{"line":31,"column":26},"end":{"line":31,"column":64}}},"6":{"name":"(anonymous_7)","decl":{"start":{"line":37,"column":27},"end":{"line":37,"column":28}},"loc":{"start":{"line":37,"column":37},"end":{"line":40,"column":5}}}},"branchMap":{"0":{"loc":{"start":{"line":12,"column":19},"end":{"line":12,"column":78}},"type":"cond-expr","locations":[{"start":{"line":12,"column":47},"end":{"line":12,"column":52}},{"start":{"line":12,"column":55},"end":{"line":12,"column":78}}]},"1":{"loc":{"start":{"line":16,"column":15},"end":{"line":16,"column":32}},"type":"binary-expr","locations":[{"start":{"line":16,"column":15},"end":{"line":16,"column":26}},{"start":{"line":16,"column":30},"end":{"line":16,"column":32}}]},"2":{"loc":{"start":{"line":19,"column":8},"end":{"line":19,"column":41}},"type":"if","locations":[{"start":{"line":19,"column":8},"end":{"line":19,"column":41}},{"start":{},"end":{}}]},"3":{"loc":{"start":{"line":28,"column":6},"end":{"line":33,"column":7}},"type":"if","locations":[{"start":{"line":28,"column":6},"end":{"line":33,"column":7}},{"start":{},"end":{}}]}},"s":{"0":1,"1":1,"2":1,"3":6,"4":6,"5":6,"6":6,"7":6,"8":5,"9":5,"10":5,"11":5,"12":5,"13":4,"14":0,"15":4,"16":14,"17":4,"18":6,"19":5,"20":4,"21":13,"22":4,"23":5,"24":6,"25":1,"26":1,"27":1},"f":{"0":6,"1":6,"2":5,"3":14,"4":5,"5":13,"6":1},"b":{"0":[5,0],"1":[5,1],"2":[0,4],"3":[4,1]}}
,"C:\\Users\\USER\\Desktop\\course assignment\\src\\utils\\jsonParser.ts": {"path":"C:\\Users\\USER\\Desktop\\course assignment\\src\\utils\\jsonParser.ts","statementMap":{"0":{"start":{"line":2,"column":0},"end":{"line":2,"column":20}},"1":{"start":{"line":3,"column":0},"end":{"line":3,"column":30}},"2":{"start":{"line":5,"column":25},"end":{"line":24,"column":1}},"3":{"start":{"line":6,"column":2},"end":{"line":23,"column":5}},"4":{"start":{"line":7,"column":4},"end":{"line":22,"column":7}},"5":{"start":{"line":8,"column":6},"end":{"line":11,"column":7}},"6":{"start":{"line":9,"column":8},"end":{"line":9,"column":70}},"7":{"start":{"line":10,"column":8},"end":{"line":10,"column":27}},"8":{"start":{"line":12,"column":6},"end":{"line":21,"column":7}},"9":{"start":{"line":13,"column":25},"end":{"line":13,"column":41}},"10":{"start":{"line":14,"column":8},"end":{"line":16,"column":9}},"11":{"start":{"line":15,"column":10},"end":{"line":15,"column":74}},"12":{"start":{"line":17,"column":8},"end":{"line":17,"column":26}},"13":{"start":{"line":19,"column":8},"end":{"line":19,"column":57}},"14":{"start":{"line":20,"column":8},"end":{"line":20,"column":25}},"15":{"start":{"line":5,"column":13},"end":{"line":5,"column":25}}},"fnMap":{"0":{"name":"(anonymous_1)","decl":{"start":{"line":5,"column":25},"end":{"line":5,"column":26}},"loc":{"start":{"line":5,"column":62},"end":{"line":24,"column":1}}},"1":{"name":"(anonymous_2)","decl":{"start":{"line":6,"column":21},"end":{"line":6,"column":22}},"loc":{"start":{"line":6,"column":41},"end":{"line":23,"column":3}}},"2":{"name":"(anonymous_3)","decl":{"start":{"line":7,"column":35},"end":{"line":7,"column":36}},"loc":{"start":{"line":7,"column":49},"end":{"line":22,"column":5}}}},"branchMap":{"0":{"loc":{"start":{"line":8,"column":6},"end":{"line":11,"column":7}},"type":"if","locations":[{"start":{"line":8,"column":6},"end":{"line":11,"column":7}},{"start":{},"end":{}}]},"1":{"loc":{"start":{"line":14,"column":8},"end":{"line":16,"column":9}},"type":"if","locations":[{"start":{"line":14,"column":8},"end":{"line":16,"column":9}},{"start":{},"end":{}}]}},"s":{"0":1,"1":1,"2":1,"3":1,"4":1,"5":1,"6":0,"7":0,"8":1,"9":1,"10":1,"11":0,"12":1,"13":0,"14":0,"15":1},"f":{"0":1,"1":1,"2":1},"b":{"0":[0,1],"1":[0,1]}}
,"C:\\Users\\USER\\Desktop\\course assignment\\src\\utils\\logger.ts": {"path":"C:\\Users\\USER\\Desktop\\course assignment\\src\\utils\\logger.ts","statementMap":{"0":{"start":{"line":1,"column":0},"end":{"line":1,"column":30}},"1":{"start":{"line":2,"column":0},"end":{"line":2,"column":20}},"2":{"start":{"line":3,"column":0},"end":{"line":3,"column":24}},"3":{"start":{"line":4,"column":0},"end":{"line":4,"column":30}},"4":{"start":{"line":7,"column":14},"end":{"line":7,"column":52}},"5":{"start":{"line":9,"column":15},"end":{"line":9,"column":28}},"6":{"start":{"line":12,"column":0},"end":{"line":14,"column":1}},"7":{"start":{"line":13,"column":2},"end":{"line":13,"column":23}},"8":{"start":{"line":17,"column":18},"end":{"line":21,"column":null}},"9":{"start":{"line":24,"column":22},"end":{"line":32,"column":null}},"10":{"start":{"line":29,"column":4},"end":{"line":31,"column":46}},"11":{"start":{"line":36,"column":15},"end":{"line":62,"column":2}},"12":{"start":{"line":64,"column":0},"end":{"line":64,"column":22}}},"fnMap":{"0":{"name":"(anonymous_1)","decl":{"start":{"line":28,"column":23},"end":{"line":28,"column":24}},"loc":{"start":{"line":28,"column":64},"end":{"line":32,"column":3}}}},"branchMap":{"0":{"loc":{"start":{"line":12,"column":0},"end":{"line":14,"column":1}},"type":"if","locations":[{"start":{"line":12,"column":0},"end":{"line":14,"column":1}},{"start":{},"end":{}}]},"1":{"loc":{"start":{"line":29,"column":11},"end":{"line":31,"column":45}},"type":"cond-expr","locations":[{"start":{"line":30,"column":8},"end":{"line":30,"column":55}},{"start":{"line":31,"column":8},"end":{"line":31,"column":45}}]},"2":{"loc":{"start":{"line":37,"column":8},"end":{"line":37,"column":32}},"type":"cond-expr","locations":[{"start":{"line":37,"column":16},"end":{"line":37,"column":23}},{"start":{"line":37,"column":26},"end":{"line":37,"column":32}}]},"3":{"loc":{"start":{"line":42,"column":13},"end":{"line":42,"column":37}},"type":"cond-expr","locations":[{"start":{"line":42,"column":21},"end":{"line":42,"column":28}},{"start":{"line":42,"column":31},"end":{"line":42,"column":37}}]}},"s":{"0":1,"1":1,"2":1,"3":1,"4":1,"5":1,"6":1,"7":0,"8":1,"9":1,"10":0,"11":1,"12":1},"f":{"0":0},"b":{"0":[0,1],"1":[0,0],"2":[0,1],"3":[0,1]}}
,"C:\\Users\\USER\\Desktop\\course assignment\\src\\utils\\xmlParser.ts": {"path":"C:\\Users\\USER\\Desktop\\course assignment\\src\\utils\\xmlParser.ts","statementMap":{"0":{"start":{"line":1,"column":0},"end":{"line":1,"column":43}},"1":{"start":{"line":3,"column":24},"end":{"line":86,"column":1}},"2":{"start":{"line":4,"column":2},"end":{"line":4,"column":57}},"3":{"start":{"line":4,"column":45},"end":{"line":4,"column":57}},"4":{"start":{"line":7,"column":36},"end":{"line":7,"column":40}},"5":{"start":{"line":9,"column":17},"end":{"line":15,"column":4}},"6":{"start":{"line":12,"column":24},"end":{"line":12,"column":59}},"7":{"start":{"line":13,"column":29},"end":{"line":13,"column":64}},"8":{"start":{"line":18,"column":17},"end":{"line":18,"column":62}},"9":{"start":{"line":22,"column":23},"end":{"line":22,"column":77}},"10":{"start":{"line":23,"column":2},"end":{"line":26,"column":3}},"11":{"start":{"line":24,"column":17},"end":{"line":24,"column":59}},"12":{"start":{"line":25,"column":4},"end":{"line":25,"column":94}},"13":{"start":{"line":29,"column":2},"end":{"line":31,"column":3}},"14":{"start":{"line":30,"column":4},"end":{"line":30,"column":58}},"15":{"start":{"line":35,"column":13},"end":{"line":35,"column":35}},"16":{"start":{"line":36,"column":2},"end":{"line":38,"column":3}},"17":{"start":{"line":37,"column":4},"end":{"line":37,"column":53}},"18":{"start":{"line":39,"column":2},"end":{"line":39,"column":25}},"19":{"start":{"line":39,"column":13},"end":{"line":39,"column":25}},"20":{"start":{"line":42,"column":20},"end":{"line":81,"column":3}},"21":{"start":{"line":43,"column":24},"end":{"line":43,"column":26}},"22":{"start":{"line":46,"column":4},"end":{"line":51,"column":5}},"23":{"start":{"line":47,"column":6},"end":{"line":50,"column":7}},"24":{"start":{"line":47,"column":19},"end":{"line":47,"column":20}},"25":{"start":{"line":48,"column":18},"end":{"line":48,"column":36}},"26":{"start":{"line":49,"column":8},"end":{"line":49,"column":47}},"27":{"start":{"line":54,"column":4},"end":{"line":78,"column":5}},"28":{"start":{"line":54,"column":17},"end":{"line":54,"column":18}},"29":{"start":{"line":55,"column":20},"end":{"line":55,"column":45}},"30":{"start":{"line":58,"column":6},"end":{"line":68,"column":7}},"31":{"start":{"line":59,"column":20},"end":{"line":59,"column":50}},"32":{"start":{"line":60,"column":8},"end":{"line":66,"column":9}},"33":{"start":{"line":62,"column":10},"end":{"line":64,"column":11}},"34":{"start":{"line":63,"column":12},"end":{"line":63,"column":23}},"35":{"start":{"line":65,"column":10},"end":{"line":65,"column":76}},"36":{"start":{"line":67,"column":8},"end":{"line":67,"column":17}},"37":{"start":{"line":71,"column":6},"end":{"line":77,"column":7}},"38":{"start":{"line":72,"column":21},"end":{"line":72,"column":35}},"39":{"start":{"line":73,"column":22},"end":{"line":73,"column":38}},"40":{"start":{"line":74,"column":8},"end":{"line":76,"column":50}},"41":{"start":{"line":74,"column":40},"end":{"line":74,"column":61}},"42":{"start":{"line":75,"column":13},"end":{"line":76,"column":50}},"43":{"start":{"line":75,"column":46},"end":{"line":75,"column":71}},"44":{"start":{"line":76,"column":13},"end":{"line":76,"column":50}},"45":{"start":{"line":80,"column":4},"end":{"line":80,"column":18}},"46":{"start":{"line":83,"column":19},"end":{"line":83,"column":21}},"47":{"start":{"line":84,"column":2},"end":{"line":84,"column":39}},"48":{"start":{"line":85,"column":2},"end":{"line":85,"column":13}},"49":{"start":{"line":3,"column":13},"end":{"line":3,"column":24}}},"fnMap":{"0":{"name":"(anonymous_0)","decl":{"start":{"line":3,"column":24},"end":{"line":3,"column":25}},"loc":{"start":{"line":3,"column":81},"end":{"line":86,"column":1}}},"1":{"name":"(anonymous_1)","decl":{"start":{"line":11,"column":15},"end":{"line":11,"column":18}},"loc":{"start":{"line":11,"column":20},"end":{"line":11,"column":23}}},"2":{"name":"(anonymous_2)","decl":{"start":{"line":12,"column":13},"end":{"line":12,"column":14}},"loc":{"start":{"line":12,"column":21},"end":{"line":12,"column":61}}},"3":{"name":"(anonymous_3)","decl":{"start":{"line":13,"column":18},"end":{"line":13,"column":19}},"loc":{"start":{"line":13,"column":26},"end":{"line":13,"column":66}}},"4":{"name":"(anonymous_4)","decl":{"start":{"line":42,"column":20},"end":{"line":42,"column":21}},"loc":{"start":{"line":42,"column":43},"end":{"line":81,"column":3}}}},"branchMap":{"0":{"loc":{"start":{"line":4,"column":2},"end":{"line":4,"column":57}},"type":"if","locations":[{"start":{"line":4,"column":2},"end":{"line":4,"column":57}},{"start":{},"end":{}}]},"1":{"loc":{"start":{"line":4,"column":6},"end":{"line":4,"column":43}},"type":"binary-expr","locations":[{"start":{"line":4,"column":6},"end":{"line":4,"column":16}},{"start":{"line":4,"column":20},"end":{"line":4,"column":43}}]},"2":{"loc":{"start":{"line":12,"column":39},"end":{"line":12,"column":58}},"type":"binary-expr","locations":[{"start":{"line":12,"column":39},"end":{"line":12,"column":51}},{"start":{"line":12,"column":55},"end":{"line":12,"column":58}}]},"3":{"loc":{"start":{"line":13,"column":44},"end":{"line":13,"column":63}},"type":"binary-expr","locations":[{"start":{"line":13,"column":44},"end":{"line":13,"column":56}},{"start":{"line":13,"column":60},"end":{"line":13,"column":63}}]},"4":{"loc":{"start":{"line":23,"column":2},"end":{"line":26,"column":3}},"type":"if","locations":[{"start":{"line":23,"column":2},"end":{"line":26,"column":3}},{"start":{},"end":{}}]},"5":{"loc":{"start":{"line":24,"column":18},"end":{"line":24,"column":51}},"type":"binary-expr","locations":[{"start":{"line":24,"column":18},"end":{"line":24,"column":45}},{"start":{"line":24,"column":49},"end":{"line":24,"column":51}}]},"6":{"loc":{"start":{"line":25,"column":20},"end":{"line":25,"column":92}},"type":"cond-expr","locations":[{"start":{"line":25,"column":27},"end":{"line":25,"column":55}},{"start":{"line":25,"column":58},"end":{"line":25,"column":92}}]},"7":{"loc":{"start":{"line":29,"column":2},"end":{"line":31,"column":3}},"type":"if","locations":[{"start":{"line":29,"column":2},"end":{"line":31,"column":3}},{"start":{},"end":{}}]},"8":{"loc":{"start":{"line":36,"column":2},"end":{"line":38,"column":3}},"type":"if","locations":[{"start":{"line":36,"column":2},"end":{"line":38,"column":3}},{"start":{},"end":{}}]},"9":{"loc":{"start":{"line":37,"column":12},"end":{"line":37,"column":52}},"type":"binary-expr","locations":[{"start":{"line":37,"column":12},"end":{"line":37,"column":44}},{"start":{"line":37,"column":48},"end":{"line":37,"column":52}}]},"10":{"loc":{"start":{"line":39,"column":2},"end":{"line":39,"column":25}},"type":"if","locations":[{"start":{"line":39,"column":2},"end":{"line":39,"column":25}},{"start":{},"end":{}}]},"11":{"loc":{"start":{"line":46,"column":4},"end":{"line":51,"column":5}},"type":"if","locations":[{"start":{"line":46,"column":4},"end":{"line":51,"column":5}},{"start":{},"end":{}}]},"12":{"loc":{"start":{"line":46,"column":8},"end":{"line":46,"column":53}},"type":"binary-expr","locations":[{"start":{"line":46,"column":8},"end":{"line":46,"column":23}},{"start":{"line":46,"column":27},"end":{"line":46,"column":53}}]},"13":{"loc":{"start":{"line":58,"column":6},"end":{"line":68,"column":7}},"type":"if","locations":[{"start":{"line":58,"column":6},"end":{"line":68,"column":7}},{"start":{},"end":{}}]},"14":{"loc":{"start":{"line":59,"column":21},"end":{"line":59,"column":42}},"type":"binary-expr","locations":[{"start":{"line":59,"column":21},"end":{"line":59,"column":36}},{"start":{"line":59,"column":40},"end":{"line":59,"column":42}}]},"15":{"loc":{"start":{"line":60,"column":8},"end":{"line":66,"column":9}},"type":"if","locations":[{"start":{"line":60,"column":8},"end":{"line":66,"column":9}},{"start":{},"end":{}}]},"16":{"loc":{"start":{"line":62,"column":10},"end":{"line":64,"column":11}},"type":"if","locations":[{"start":{"line":62,"column":10},"end":{"line":64,"column":11}},{"start":{},"end":{}}]},"17":{"loc":{"start":{"line":62,"column":14},"end":{"line":62,"column":78}},"type":"binary-expr","locations":[{"start":{"line":62,"column":14},"end":{"line":62,"column":46}},{"start":{"line":62,"column":50},"end":{"line":62,"column":78}}]},"18":{"loc":{"start":{"line":65,"column":29},"end":{"line":65,"column":74}},"type":"cond-expr","locations":[{"start":{"line":65,"column":47},"end":{"line":65,"column":68}},{"start":{"line":65,"column":71},"end":{"line":65,"column":74}}]},"19":{"loc":{"start":{"line":71,"column":6},"end":{"line":77,"column":7}},"type":"if","locations":[{"start":{"line":71,"column":6},"end":{"line":77,"column":7}},{"start":{},"end":{}}]},"20":{"loc":{"start":{"line":74,"column":8},"end":{"line":76,"column":50}},"type":"if","locations":[{"start":{"line":74,"column":8},"end":{"line":76,"column":50}},{"start":{"line":75,"column":13},"end":{"line":76,"column":50}}]},"21":{"loc":{"start":{"line":75,"column":13},"end":{"line":76,"column":50}},"type":"if","locations":[{"start":{"line":75,"column":13},"end":{"line":76,"column":50}},{"start":{"line":76,"column":13},"end":{"line":76,"column":50}}]}},"s":{"0":1,"1":1,"2":7,"3":3,"4":4,"5":4,"6":0,"7":0,"8":4,"9":4,"10":4,"11":0,"12":0,"13":4,"14":0,"15":4,"16":4,"17":0,"18":4,"19":0,"20":4,"21":18,"22":18,"23":1,"24":1,"25":1,"26":1,"27":18,"28":18,"29":39,"30":39,"31":25,"32":25,"33":13,"34":13,"35":0,"36":12,"37":14,"38":14,"39":14,"40":14,"41":14,"42":0,"43":0,"44":0,"45":5,"46":4,"47":4,"48":4,"49":1},"f":{"0":7,"1":1,"2":0,"3":0,"4":18},"b":{"0":[3,4],"1":[7,5],"2":[0,0],"3":[0,0],"4":[0,4],"5":[0,0],"6":[0,0],"7":[0,4],"8":[0,4],"9":[0,0],"10":[0,4],"11":[1,17],"12":[18,18],"13":[25,14],"14":[25,0],"15":[13,12],"16":[13,0],"17":[13,13],"18":[0,0],"19":[14,0],"20":[14,0],"21":[0,0]}}
}
